<?xml version="1.0" encoding="UTF-8"?>
<!-- Generated by org.testng.reporters.JUnitReportReporter -->
<testsuite hostname="TYSS-Shobha" failures="0" tests="1" name="testNg.SimpleTest" time="4.073" errors="0" timestamp="2024-07-01T08:39:20 IST" skipped="0">
  <testcase classname="testNg.SimpleTest" name="simpleTest" time="4.073"/>
</testsuite> <!-- testNg.SimpleTest -->
