<?xml version="1.0" encoding="UTF-8"?>
<!-- Generated by org.testng.reporters.JUnitReportReporter -->
<testsuite hostname="TYSS-Shobha" failures="0" tests="1" name="Organization.CreateOrganizationTest" time="16.219" errors="0" timestamp="2024-07-01T08:45:36 IST" skipped="0">
  <testcase classname="Organization.CreateOrganizationTest" name="createOrganizationTest" time="16.219"/>
</testsuite> <!-- Organization.CreateOrganizationTest -->
