<?xml version="1.0" encoding="UTF-8"?>
<!-- Generated by org.testng.reporters.JUnitReportReporter -->
<testsuite hostname="TYSS-Shobha" failures="0" tests="1" name="Campaign.CreateCampaignTest" time="16.194" errors="0" timestamp="2024-07-01T08:45:36 IST" skipped="0">
  <testcase classname="Campaign.CreateCampaignTest" name="createCampaignTest" time="16.194"/>
</testsuite> <!-- Campaign.CreateCampaignTest -->
